/*C3*/SET SCHEMA PUBLIC
\u000d\u000a    drop table if exists brand CASCADE 
\u000d\u000a    drop table if exists imei CASCADE 
\u000d\u000a    drop table if exists smartphone CASCADE 
\u000d\u000a    drop table if exists users CASCADE 
\u000d\u000a    drop table if exists users_smartphones CASCADE 
\u000d\u000a    create table brand (\u000d\u000a       id bigint generated by default as identity (start with 1),\u000d\u000a        name varchar(255),\u000d\u000a        primary key (id)\u000d\u000a    )
\u000d\u000a    create table imei (\u000d\u000a       id integer generated by default as identity (start with 1),\u000d\u000a        imei varchar(255),\u000d\u000a        primary key (id)\u000d\u000a    )
\u000d\u000a    create table smartphone (\u000d\u000a       iid bigint generated by default as identity (start with 1),\u000d\u000a        ram integer not null,\u000d\u000a        id varchar(255),\u000d\u000a        model varchar(255),\u000d\u000a        storage integer not null,\u000d\u000a        brand_id bigint,\u000d\u000a        imei_id integer,\u000d\u000a        primary key (iid)\u000d\u000a    )
\u000d\u000a    create table users (\u000d\u000a       id integer generated by default as identity (start with 1),\u000d\u000a        name varchar(255),\u000d\u000a        primary key (id)\u000d\u000a    )
\u000d\u000a    create table users_smartphones (\u000d\u000a       users_id integer not null,\u000d\u000a        smartphones_iid bigint not null\u000d\u000a    )
\u000d\u000a    alter table smartphone \u000d\u000a       add constraint FK5ryjgowlh1ionbv8rinbals2n \u000d\u000a       foreign key (brand_id) \u000d\u000a       references brand
\u000d\u000a    alter table smartphone \u000d\u000a       add constraint FK34op8kl3hcvwmd1qclll98m8t \u000d\u000a       foreign key (imei_id) \u000d\u000a       references imei
\u000d\u000a    alter table users_smartphones \u000d\u000a       add constraint FK40vnj2b71mkmq2m83wdnsyn22 \u000d\u000a       foreign key (smartphones_iid) \u000d\u000a       references smartphone
\u000d\u000a    alter table users_smartphones \u000d\u000a       add constraint FKpck0bb9v00ohnwjwo6i5qo3up \u000d\u000a       foreign key (users_id) \u000d\u000a       references users
DISCONNECT
/*C4*/SET SCHEMA PUBLIC
DISCONNECT
/*C5*/SET SCHEMA PUBLIC
DISCONNECT
/*C6*/SET SCHEMA PUBLIC
DISCONNECT
/*C7*/SET SCHEMA PUBLIC
DISCONNECT
/*C8*/SET SCHEMA PUBLIC
DISCONNECT
/*C9*/SET SCHEMA PUBLIC
DISCONNECT
/*C10*/SET SCHEMA PUBLIC
DISCONNECT
/*C11*/SET SCHEMA PUBLIC
DISCONNECT
/*C12*/SET SCHEMA PUBLIC
DISCONNECT
/*C13*/SET SCHEMA PUBLIC
\u000d\u000a    drop table if exists brand CASCADE 
\u000d\u000a    drop table if exists imei CASCADE 
\u000d\u000a    drop table if exists smartphone CASCADE 
\u000d\u000a    drop table if exists users CASCADE 
\u000d\u000a    drop table if exists users_smartphones CASCADE 
\u000d\u000a    create table brand (\u000d\u000a       id bigint generated by default as identity (start with 1),\u000d\u000a        name varchar(255),\u000d\u000a        primary key (id)\u000d\u000a    )
\u000d\u000a    create table imei (\u000d\u000a       id integer generated by default as identity (start with 1),\u000d\u000a        imei varchar(255),\u000d\u000a        primary key (id)\u000d\u000a    )
\u000d\u000a    create table smartphone (\u000d\u000a       iid bigint generated by default as identity (start with 1),\u000d\u000a        ram integer not null,\u000d\u000a        id varchar(255),\u000d\u000a        model varchar(255),\u000d\u000a        storage integer not null,\u000d\u000a        brand_id bigint,\u000d\u000a        imei_id integer,\u000d\u000a        primary key (iid)\u000d\u000a    )
\u000d\u000a    create table users (\u000d\u000a       id integer generated by default as identity (start with 1),\u000d\u000a        name varchar(255),\u000d\u000a        primary key (id)\u000d\u000a    )
\u000d\u000a    create table users_smartphones (\u000d\u000a       users_id integer not null,\u000d\u000a        smartphones_iid bigint not null\u000d\u000a    )
\u000d\u000a    alter table smartphone \u000d\u000a       add constraint FK5ryjgowlh1ionbv8rinbals2n \u000d\u000a       foreign key (brand_id) \u000d\u000a       references brand
\u000d\u000a    alter table smartphone \u000d\u000a       add constraint FK34op8kl3hcvwmd1qclll98m8t \u000d\u000a       foreign key (imei_id) \u000d\u000a       references imei
\u000d\u000a    alter table users_smartphones \u000d\u000a       add constraint FK40vnj2b71mkmq2m83wdnsyn22 \u000d\u000a       foreign key (smartphones_iid) \u000d\u000a       references smartphone
\u000d\u000a    alter table users_smartphones \u000d\u000a       add constraint FKpck0bb9v00ohnwjwo6i5qo3up \u000d\u000a       foreign key (users_id) \u000d\u000a       references users
DISCONNECT
/*C14*/SET SCHEMA PUBLIC
DISCONNECT
/*C15*/SET SCHEMA PUBLIC
DISCONNECT
/*C16*/SET SCHEMA PUBLIC
DISCONNECT
/*C17*/SET SCHEMA PUBLIC
DISCONNECT
/*C18*/SET SCHEMA PUBLIC
DISCONNECT
/*C19*/SET SCHEMA PUBLIC
DISCONNECT
/*C20*/SET SCHEMA PUBLIC
DISCONNECT
/*C21*/SET SCHEMA PUBLIC
DISCONNECT
/*C22*/SET SCHEMA PUBLIC
DISCONNECT
/*C23*/SET SCHEMA PUBLIC
\u000d\u000a    drop table if exists brand CASCADE 
\u000d\u000a    drop table if exists imei CASCADE 
\u000d\u000a    drop table if exists smartphone CASCADE 
\u000d\u000a    drop table if exists users CASCADE 
\u000d\u000a    drop table if exists users_smartphones CASCADE 
\u000d\u000a    create table brand (\u000d\u000a       id bigint generated by default as identity (start with 1),\u000d\u000a        name varchar(255),\u000d\u000a        primary key (id)\u000d\u000a    )
\u000d\u000a    create table imei (\u000d\u000a       id integer generated by default as identity (start with 1),\u000d\u000a        imei varchar(255),\u000d\u000a        primary key (id)\u000d\u000a    )
\u000d\u000a    create table smartphone (\u000d\u000a       iid bigint generated by default as identity (start with 1),\u000d\u000a        ram integer not null,\u000d\u000a        id varchar(255),\u000d\u000a        model varchar(255),\u000d\u000a        storage integer not null,\u000d\u000a        brand_id bigint,\u000d\u000a        imei_id integer,\u000d\u000a        primary key (iid)\u000d\u000a    )
\u000d\u000a    create table users (\u000d\u000a       id integer generated by default as identity (start with 1),\u000d\u000a        name varchar(255),\u000d\u000a        primary key (id)\u000d\u000a    )
\u000d\u000a    create table users_smartphones (\u000d\u000a       users_id integer not null,\u000d\u000a        smartphones_iid bigint not null\u000d\u000a    )
\u000d\u000a    alter table smartphone \u000d\u000a       add constraint FK5ryjgowlh1ionbv8rinbals2n \u000d\u000a       foreign key (brand_id) \u000d\u000a       references brand
\u000d\u000a    alter table smartphone \u000d\u000a       add constraint FK34op8kl3hcvwmd1qclll98m8t \u000d\u000a       foreign key (imei_id) \u000d\u000a       references imei
\u000d\u000a    alter table users_smartphones \u000d\u000a       add constraint FK40vnj2b71mkmq2m83wdnsyn22 \u000d\u000a       foreign key (smartphones_iid) \u000d\u000a       references smartphone
\u000d\u000a    alter table users_smartphones \u000d\u000a       add constraint FKpck0bb9v00ohnwjwo6i5qo3up \u000d\u000a       foreign key (users_id) \u000d\u000a       references users
DISCONNECT
/*C24*/SET SCHEMA PUBLIC
DISCONNECT
/*C25*/SET SCHEMA PUBLIC
DISCONNECT
/*C26*/SET SCHEMA PUBLIC
DISCONNECT
/*C27*/SET SCHEMA PUBLIC
DISCONNECT
/*C28*/SET SCHEMA PUBLIC
DISCONNECT
/*C29*/SET SCHEMA PUBLIC
DISCONNECT
/*C30*/SET SCHEMA PUBLIC
DISCONNECT
/*C31*/SET SCHEMA PUBLIC
DISCONNECT
/*C32*/SET SCHEMA PUBLIC
DISCONNECT
/*C33*/SET SCHEMA PUBLIC
\u000d\u000a    drop table if exists brand CASCADE 
\u000d\u000a    drop table if exists imei CASCADE 
\u000d\u000a    drop table if exists smartphone CASCADE 
\u000d\u000a    drop table if exists users CASCADE 
\u000d\u000a    drop table if exists users_smartphones CASCADE 
\u000d\u000a    create table brand (\u000d\u000a       id bigint generated by default as identity (start with 1),\u000d\u000a        name varchar(255),\u000d\u000a        primary key (id)\u000d\u000a    )
\u000d\u000a    create table imei (\u000d\u000a       id integer generated by default as identity (start with 1),\u000d\u000a        imei varchar(255),\u000d\u000a        primary key (id)\u000d\u000a    )
\u000d\u000a    create table smartphone (\u000d\u000a       iid bigint generated by default as identity (start with 1),\u000d\u000a        ram integer not null,\u000d\u000a        id varchar(255),\u000d\u000a        model varchar(255),\u000d\u000a        storage integer not null,\u000d\u000a        brand_id bigint,\u000d\u000a        imei_id integer,\u000d\u000a        primary key (iid)\u000d\u000a    )
\u000d\u000a    create table users (\u000d\u000a       id integer generated by default as identity (start with 1),\u000d\u000a        name varchar(255),\u000d\u000a        primary key (id)\u000d\u000a    )
\u000d\u000a    create table users_smartphones (\u000d\u000a       users_id integer not null,\u000d\u000a        smartphones_iid bigint not null\u000d\u000a    )
\u000d\u000a    alter table smartphone \u000d\u000a       add constraint FK5ryjgowlh1ionbv8rinbals2n \u000d\u000a       foreign key (brand_id) \u000d\u000a       references brand
\u000d\u000a    alter table smartphone \u000d\u000a       add constraint FK34op8kl3hcvwmd1qclll98m8t \u000d\u000a       foreign key (imei_id) \u000d\u000a       references imei
\u000d\u000a    alter table users_smartphones \u000d\u000a       add constraint FK40vnj2b71mkmq2m83wdnsyn22 \u000d\u000a       foreign key (smartphones_iid) \u000d\u000a       references smartphone
\u000d\u000a    alter table users_smartphones \u000d\u000a       add constraint FKpck0bb9v00ohnwjwo6i5qo3up \u000d\u000a       foreign key (users_id) \u000d\u000a       references users
DISCONNECT
/*C34*/SET SCHEMA PUBLIC
DISCONNECT
/*C35*/SET SCHEMA PUBLIC
DISCONNECT
/*C36*/SET SCHEMA PUBLIC
DISCONNECT
/*C37*/SET SCHEMA PUBLIC
DISCONNECT
/*C38*/SET SCHEMA PUBLIC
DISCONNECT
/*C39*/SET SCHEMA PUBLIC
DISCONNECT
/*C40*/SET SCHEMA PUBLIC
DISCONNECT
/*C41*/SET SCHEMA PUBLIC
DISCONNECT
/*C42*/SET SCHEMA PUBLIC
DISCONNECT
/*C43*/SET SCHEMA PUBLIC
\u000d\u000a    drop table if exists brand CASCADE 
\u000d\u000a    drop table if exists imei CASCADE 
\u000d\u000a    drop table if exists smartphone CASCADE 
\u000d\u000a    drop table if exists users CASCADE 
\u000d\u000a    drop table if exists users_smartphones CASCADE 
\u000d\u000a    create table brand (\u000d\u000a       id bigint generated by default as identity (start with 1),\u000d\u000a        name varchar(255),\u000d\u000a        primary key (id)\u000d\u000a    )
\u000d\u000a    create table imei (\u000d\u000a       id integer generated by default as identity (start with 1),\u000d\u000a        imei varchar(255),\u000d\u000a        primary key (id)\u000d\u000a    )
\u000d\u000a    create table smartphone (\u000d\u000a       iid bigint generated by default as identity (start with 1),\u000d\u000a        ram integer not null,\u000d\u000a        id varchar(255),\u000d\u000a        model varchar(255),\u000d\u000a        storage integer not null,\u000d\u000a        brand_id bigint,\u000d\u000a        imei_id integer,\u000d\u000a        primary key (iid)\u000d\u000a    )
\u000d\u000a    create table users (\u000d\u000a       id integer generated by default as identity (start with 1),\u000d\u000a        name varchar(255),\u000d\u000a        primary key (id)\u000d\u000a    )
\u000d\u000a    create table users_smartphones (\u000d\u000a       users_id integer not null,\u000d\u000a        smartphones_iid bigint not null\u000d\u000a    )
\u000d\u000a    alter table smartphone \u000d\u000a       add constraint FK5ryjgowlh1ionbv8rinbals2n \u000d\u000a       foreign key (brand_id) \u000d\u000a       references brand
\u000d\u000a    alter table smartphone \u000d\u000a       add constraint FK34op8kl3hcvwmd1qclll98m8t \u000d\u000a       foreign key (imei_id) \u000d\u000a       references imei
\u000d\u000a    alter table users_smartphones \u000d\u000a       add constraint FK40vnj2b71mkmq2m83wdnsyn22 \u000d\u000a       foreign key (smartphones_iid) \u000d\u000a       references smartphone
\u000d\u000a    alter table users_smartphones \u000d\u000a       add constraint FKpck0bb9v00ohnwjwo6i5qo3up \u000d\u000a       foreign key (users_id) \u000d\u000a       references users
INSERT INTO BRAND VALUES(1,NULL)
INSERT INTO SMARTPHONE VALUES(1,9,'ede0193d-144a-4cec-95d1-fd2e852312f0','fdsa',143,1,NULL)
INSERT INTO SMARTPHONE VALUES(2,1,'3b5e708e-b0e9-4bc0-a4d8-6272aec31d7e','fdsa',143,1,NULL)
INSERT INTO SMARTPHONE VALUES(3,43,'43825bc2-9a3d-4cba-afe5-e4df928e206d','asdf',135,1,NULL)
INSERT INTO SMARTPHONE VALUES(4,43,'988b9e49-e0ed-4db1-a223-fac2929a8b14','fdsa',135,1,NULL)
COMMIT
/*C49*/SET SCHEMA PUBLIC
DISCONNECT
/*C43*/DISCONNECT
/*C44*/SET SCHEMA PUBLIC
DISCONNECT
/*C45*/SET SCHEMA PUBLIC
DISCONNECT
/*C48*/SET SCHEMA PUBLIC
DISCONNECT
/*C46*/SET SCHEMA PUBLIC
DISCONNECT
/*C47*/SET SCHEMA PUBLIC
DISCONNECT
/*C50*/SET SCHEMA PUBLIC
DISCONNECT
/*C52*/SET SCHEMA PUBLIC
DISCONNECT
/*C51*/SET SCHEMA PUBLIC
DISCONNECT
/*C53*/SET SCHEMA PUBLIC
\u000d\u000a    drop table if exists brand CASCADE 
\u000d\u000a    drop table if exists imei CASCADE 
\u000d\u000a    drop table if exists smartphone CASCADE 
\u000d\u000a    drop table if exists users CASCADE 
\u000d\u000a    drop table if exists users_smartphones CASCADE 
\u000d\u000a    create table brand (\u000d\u000a       id bigint generated by default as identity (start with 1),\u000d\u000a        name varchar(255),\u000d\u000a        primary key (id)\u000d\u000a    )
\u000d\u000a    create table imei (\u000d\u000a       id integer generated by default as identity (start with 1),\u000d\u000a        imei varchar(255),\u000d\u000a        primary key (id)\u000d\u000a    )
\u000d\u000a    create table smartphone (\u000d\u000a       iid bigint generated by default as identity (start with 1),\u000d\u000a        ram integer not null,\u000d\u000a        id varchar(255),\u000d\u000a        model varchar(255),\u000d\u000a        storage integer not null,\u000d\u000a        brand_id bigint,\u000d\u000a        imei_id integer,\u000d\u000a        primary key (iid)\u000d\u000a    )
\u000d\u000a    create table users (\u000d\u000a       id integer generated by default as identity (start with 1),\u000d\u000a        name varchar(255),\u000d\u000a        primary key (id)\u000d\u000a    )
\u000d\u000a    create table users_smartphones (\u000d\u000a       users_id integer not null,\u000d\u000a        smartphones_iid bigint not null\u000d\u000a    )
\u000d\u000a    alter table smartphone \u000d\u000a       add constraint FK5ryjgowlh1ionbv8rinbals2n \u000d\u000a       foreign key (brand_id) \u000d\u000a       references brand
\u000d\u000a    alter table smartphone \u000d\u000a       add constraint FK34op8kl3hcvwmd1qclll98m8t \u000d\u000a       foreign key (imei_id) \u000d\u000a       references imei
\u000d\u000a    alter table users_smartphones \u000d\u000a       add constraint FK40vnj2b71mkmq2m83wdnsyn22 \u000d\u000a       foreign key (smartphones_iid) \u000d\u000a       references smartphone
\u000d\u000a    alter table users_smartphones \u000d\u000a       add constraint FKpck0bb9v00ohnwjwo6i5qo3up \u000d\u000a       foreign key (users_id) \u000d\u000a       references users
INSERT INTO BRAND VALUES(1,NULL)
INSERT INTO SMARTPHONE VALUES(1,9,'a8856cc2-c30d-49bb-88c8-50ad2d80b713','fdsa',143,1,NULL)
INSERT INTO SMARTPHONE VALUES(2,1,'a54dc083-8b7b-4f12-8d2a-e2e66756d361','fdsa',143,1,NULL)
INSERT INTO SMARTPHONE VALUES(3,43,'2acb96d5-5052-48d6-abbf-04ccab95a3b9','asdf',135,1,NULL)
INSERT INTO SMARTPHONE VALUES(4,43,'b11f49a3-511c-4744-815f-4605a5a639b6','fdsa',135,1,NULL)
COMMIT
DISCONNECT
/*C60*/SET SCHEMA PUBLIC
DISCONNECT
/*C54*/SET SCHEMA PUBLIC
DISCONNECT
/*C55*/SET SCHEMA PUBLIC
DISCONNECT
/*C56*/SET SCHEMA PUBLIC
DISCONNECT
/*C61*/SET SCHEMA PUBLIC
DISCONNECT
/*C57*/SET SCHEMA PUBLIC
DISCONNECT
/*C59*/SET SCHEMA PUBLIC
DISCONNECT
/*C58*/SET SCHEMA PUBLIC
DISCONNECT
/*C62*/SET SCHEMA PUBLIC
DISCONNECT
/*C63*/SET SCHEMA PUBLIC
\u000d\u000a    drop table if exists brand CASCADE 
\u000d\u000a    drop table if exists imei CASCADE 
\u000d\u000a    drop table if exists smartphone CASCADE 
\u000d\u000a    drop table if exists users CASCADE 
\u000d\u000a    drop table if exists users_smartphones CASCADE 
\u000d\u000a    create table brand (\u000d\u000a       id bigint generated by default as identity (start with 1),\u000d\u000a        name varchar(255),\u000d\u000a        primary key (id)\u000d\u000a    )
\u000d\u000a    create table imei (\u000d\u000a       id integer generated by default as identity (start with 1),\u000d\u000a        imei varchar(255),\u000d\u000a        primary key (id)\u000d\u000a    )
\u000d\u000a    create table smartphone (\u000d\u000a       iid bigint generated by default as identity (start with 1),\u000d\u000a        ram integer not null,\u000d\u000a        id varchar(255),\u000d\u000a        model varchar(255),\u000d\u000a        storage integer not null,\u000d\u000a        brand_id bigint,\u000d\u000a        imei_id integer,\u000d\u000a        primary key (iid)\u000d\u000a    )
\u000d\u000a    create table users (\u000d\u000a       id integer generated by default as identity (start with 1),\u000d\u000a        name varchar(255),\u000d\u000a        primary key (id)\u000d\u000a    )
\u000d\u000a    create table users_smartphones (\u000d\u000a       users_id integer not null,\u000d\u000a        smartphones_iid bigint not null\u000d\u000a    )
\u000d\u000a    alter table smartphone \u000d\u000a       add constraint FK5ryjgowlh1ionbv8rinbals2n \u000d\u000a       foreign key (brand_id) \u000d\u000a       references brand
\u000d\u000a    alter table smartphone \u000d\u000a       add constraint FK34op8kl3hcvwmd1qclll98m8t \u000d\u000a       foreign key (imei_id) \u000d\u000a       references imei
\u000d\u000a    alter table users_smartphones \u000d\u000a       add constraint FK40vnj2b71mkmq2m83wdnsyn22 \u000d\u000a       foreign key (smartphones_iid) \u000d\u000a       references smartphone
\u000d\u000a    alter table users_smartphones \u000d\u000a       add constraint FKpck0bb9v00ohnwjwo6i5qo3up \u000d\u000a       foreign key (users_id) \u000d\u000a       references users
INSERT INTO BRAND VALUES(1,NULL)
INSERT INTO SMARTPHONE VALUES(1,9,'4596893b-6045-4e72-89f1-f689ffab790c','fdsa',143,1,NULL)
INSERT INTO SMARTPHONE VALUES(2,1,'ba2df956-0722-4f82-b914-7f71e36bdfb7','fdsa',143,1,NULL)
INSERT INTO SMARTPHONE VALUES(3,43,'478afcd1-8095-40b0-aa34-9a1dbeff41d3','asdf',135,1,NULL)
INSERT INTO SMARTPHONE VALUES(4,43,'d2caeed7-2273-457a-9f3f-3fc31b6eb14e','fdsa',135,1,NULL)
COMMIT
DISCONNECT
/*C67*/SET SCHEMA PUBLIC
DISCONNECT
/*C64*/SET SCHEMA PUBLIC
DISCONNECT
/*C65*/SET SCHEMA PUBLIC
DISCONNECT
/*C70*/SET SCHEMA PUBLIC
DISCONNECT
/*C66*/SET SCHEMA PUBLIC
DISCONNECT
/*C71*/SET SCHEMA PUBLIC
DISCONNECT
/*C68*/SET SCHEMA PUBLIC
DISCONNECT
/*C72*/SET SCHEMA PUBLIC
DISCONNECT
/*C69*/SET SCHEMA PUBLIC
DISCONNECT
/*C73*/SET SCHEMA PUBLIC
\u000d\u000a    drop table if exists brand CASCADE 
\u000d\u000a    drop table if exists imei CASCADE 
\u000d\u000a    drop table if exists smartphone CASCADE 
\u000d\u000a    drop table if exists users CASCADE 
\u000d\u000a    drop table if exists users_smartphones CASCADE 
\u000d\u000a    create table brand (\u000d\u000a       id bigint generated by default as identity (start with 1),\u000d\u000a        name varchar(255),\u000d\u000a        primary key (id)\u000d\u000a    )
\u000d\u000a    create table imei (\u000d\u000a       id integer generated by default as identity (start with 1),\u000d\u000a        imei varchar(255),\u000d\u000a        primary key (id)\u000d\u000a    )
\u000d\u000a    create table smartphone (\u000d\u000a       iid bigint generated by default as identity (start with 1),\u000d\u000a        ram integer not null,\u000d\u000a        id varchar(255),\u000d\u000a        model varchar(255),\u000d\u000a        storage integer not null,\u000d\u000a        brand_id bigint,\u000d\u000a        imei_id integer,\u000d\u000a        primary key (iid)\u000d\u000a    )
\u000d\u000a    create table users (\u000d\u000a       id integer generated by default as identity (start with 1),\u000d\u000a        name varchar(255),\u000d\u000a        primary key (id)\u000d\u000a    )
\u000d\u000a    create table users_smartphones (\u000d\u000a       users_id integer not null,\u000d\u000a        smartphones_iid bigint not null\u000d\u000a    )
\u000d\u000a    alter table smartphone \u000d\u000a       add constraint FK5ryjgowlh1ionbv8rinbals2n \u000d\u000a       foreign key (brand_id) \u000d\u000a       references brand
\u000d\u000a    alter table smartphone \u000d\u000a       add constraint FK34op8kl3hcvwmd1qclll98m8t \u000d\u000a       foreign key (imei_id) \u000d\u000a       references imei
\u000d\u000a    alter table users_smartphones \u000d\u000a       add constraint FK40vnj2b71mkmq2m83wdnsyn22 \u000d\u000a       foreign key (smartphones_iid) \u000d\u000a       references smartphone
\u000d\u000a    alter table users_smartphones \u000d\u000a       add constraint FKpck0bb9v00ohnwjwo6i5qo3up \u000d\u000a       foreign key (users_id) \u000d\u000a       references users
INSERT INTO BRAND VALUES(1,NULL)
INSERT INTO SMARTPHONE VALUES(1,9,'cbc01967-d351-437f-94f6-ce0382f50810','fdsa',143,1,NULL)
INSERT INTO SMARTPHONE VALUES(2,1,'be2a7412-901c-49ad-b839-dd7df69c645d','fdsa',143,1,NULL)
INSERT INTO SMARTPHONE VALUES(3,43,'9c7258a7-84f3-4409-8716-b8fdc45a1f62','asdf',135,1,NULL)
INSERT INTO SMARTPHONE VALUES(4,43,'424e6c76-18c5-446c-a0b8-cea2019a7e66','fdsa',135,1,NULL)
COMMIT
/*C79*/SET SCHEMA PUBLIC
DISCONNECT
/*C73*/DISCONNECT
/*C75*/SET SCHEMA PUBLIC
DISCONNECT
/*C76*/SET SCHEMA PUBLIC
DISCONNECT
/*C74*/SET SCHEMA PUBLIC
DISCONNECT
/*C80*/SET SCHEMA PUBLIC
DISCONNECT
/*C78*/SET SCHEMA PUBLIC
DISCONNECT
/*C77*/SET SCHEMA PUBLIC
DISCONNECT
/*C81*/SET SCHEMA PUBLIC
DISCONNECT
/*C82*/SET SCHEMA PUBLIC
DISCONNECT
/*C83*/SET SCHEMA PUBLIC
\u000d\u000a    drop table if exists brand CASCADE 
\u000d\u000a    drop table if exists imei CASCADE 
\u000d\u000a    drop table if exists smartphone CASCADE 
\u000d\u000a    drop table if exists users CASCADE 
\u000d\u000a    drop table if exists users_smartphones CASCADE 
\u000d\u000a    create table brand (\u000d\u000a       id bigint generated by default as identity (start with 1),\u000d\u000a        name varchar(255),\u000d\u000a        primary key (id)\u000d\u000a    )
\u000d\u000a    create table imei (\u000d\u000a       id integer generated by default as identity (start with 1),\u000d\u000a        imei varchar(255),\u000d\u000a        primary key (id)\u000d\u000a    )
\u000d\u000a    create table smartphone (\u000d\u000a       iid bigint generated by default as identity (start with 1),\u000d\u000a        ram integer not null,\u000d\u000a        id varchar(255),\u000d\u000a        model varchar(255),\u000d\u000a        storage integer not null,\u000d\u000a        brand_id bigint,\u000d\u000a        imei_id integer,\u000d\u000a        primary key (iid)\u000d\u000a    )
\u000d\u000a    create table users (\u000d\u000a       id integer generated by default as identity (start with 1),\u000d\u000a        name varchar(255),\u000d\u000a        primary key (id)\u000d\u000a    )
\u000d\u000a    create table users_smartphones (\u000d\u000a       users_id integer not null,\u000d\u000a        smartphones_iid bigint not null\u000d\u000a    )
\u000d\u000a    alter table smartphone \u000d\u000a       add constraint FK5ryjgowlh1ionbv8rinbals2n \u000d\u000a       foreign key (brand_id) \u000d\u000a       references brand
\u000d\u000a    alter table smartphone \u000d\u000a       add constraint FK34op8kl3hcvwmd1qclll98m8t \u000d\u000a       foreign key (imei_id) \u000d\u000a       references imei
\u000d\u000a    alter table users_smartphones \u000d\u000a       add constraint FK40vnj2b71mkmq2m83wdnsyn22 \u000d\u000a       foreign key (smartphones_iid) \u000d\u000a       references smartphone
\u000d\u000a    alter table users_smartphones \u000d\u000a       add constraint FKpck0bb9v00ohnwjwo6i5qo3up \u000d\u000a       foreign key (users_id) \u000d\u000a       references users
INSERT INTO BRAND VALUES(1,NULL)
INSERT INTO SMARTPHONE VALUES(1,9,'b5684723-844a-4f41-afbf-3249b81b5c59','fdsa',143,1,NULL)
INSERT INTO SMARTPHONE VALUES(2,1,'aa46b319-8418-4821-983a-b65499ec3000','fdsa',143,1,NULL)
INSERT INTO SMARTPHONE VALUES(3,43,'bc431fa6-428e-4c65-bbbd-5d7dd97359ab','asdf',135,1,NULL)
INSERT INTO SMARTPHONE VALUES(4,43,'f96b66ab-ee18-45a5-a924-4d2f2a2f1d83','fdsa',135,1,NULL)
COMMIT
/*C86*/SET SCHEMA PUBLIC
DISCONNECT
/*C92*/SET SCHEMA PUBLIC
DISCONNECT
/*C87*/SET SCHEMA PUBLIC
DISCONNECT
/*C89*/SET SCHEMA PUBLIC
DISCONNECT
/*C88*/SET SCHEMA PUBLIC
DISCONNECT
/*C83*/DISCONNECT
/*C84*/SET SCHEMA PUBLIC
DISCONNECT
/*C90*/SET SCHEMA PUBLIC
DISCONNECT
/*C91*/SET SCHEMA PUBLIC
DISCONNECT
/*C85*/SET SCHEMA PUBLIC
DISCONNECT
/*C93*/SET SCHEMA PUBLIC
\u000d\u000a    drop table if exists brand CASCADE 
\u000d\u000a    drop table if exists imei CASCADE 
\u000d\u000a    drop table if exists smartphone CASCADE 
\u000d\u000a    drop table if exists users CASCADE 
\u000d\u000a    drop table if exists users_smartphones CASCADE 
\u000d\u000a    create table brand (\u000d\u000a       id bigint generated by default as identity (start with 1),\u000d\u000a        name varchar(255),\u000d\u000a        primary key (id)\u000d\u000a    )
\u000d\u000a    create table imei (\u000d\u000a       id integer generated by default as identity (start with 1),\u000d\u000a        imei varchar(255),\u000d\u000a        primary key (id)\u000d\u000a    )
\u000d\u000a    create table smartphone (\u000d\u000a       iid bigint generated by default as identity (start with 1),\u000d\u000a        ram integer not null,\u000d\u000a        id varchar(255),\u000d\u000a        model varchar(255),\u000d\u000a        storage integer not null,\u000d\u000a        brand_id bigint,\u000d\u000a        imei_id integer,\u000d\u000a        primary key (iid)\u000d\u000a    )
\u000d\u000a    create table users (\u000d\u000a       id integer generated by default as identity (start with 1),\u000d\u000a        name varchar(255),\u000d\u000a        primary key (id)\u000d\u000a    )
\u000d\u000a    create table users_smartphones (\u000d\u000a       users_id integer not null,\u000d\u000a        smartphones_iid bigint not null\u000d\u000a    )
\u000d\u000a    alter table smartphone \u000d\u000a       add constraint FK5ryjgowlh1ionbv8rinbals2n \u000d\u000a       foreign key (brand_id) \u000d\u000a       references brand
\u000d\u000a    alter table smartphone \u000d\u000a       add constraint FK34op8kl3hcvwmd1qclll98m8t \u000d\u000a       foreign key (imei_id) \u000d\u000a       references imei
\u000d\u000a    alter table users_smartphones \u000d\u000a       add constraint FK40vnj2b71mkmq2m83wdnsyn22 \u000d\u000a       foreign key (smartphones_iid) \u000d\u000a       references smartphone
\u000d\u000a    alter table users_smartphones \u000d\u000a       add constraint FKpck0bb9v00ohnwjwo6i5qo3up \u000d\u000a       foreign key (users_id) \u000d\u000a       references users
INSERT INTO BRAND VALUES(1,NULL)
INSERT INTO SMARTPHONE VALUES(1,9,'37e80399-0470-4a19-ac8a-8be3c75fb82a','fdsa',143,1,NULL)
INSERT INTO SMARTPHONE VALUES(2,1,'96bd9495-498c-4a2c-a3a2-b05a93b02198','fdsa',143,1,NULL)
INSERT INTO SMARTPHONE VALUES(3,43,'65f28d5c-3743-498d-b584-bfa0355dcbff','asdf',135,1,NULL)
INSERT INTO SMARTPHONE VALUES(4,43,'65abecbf-ee86-411c-b0b7-9066b137a6f5','fdsa',135,1,NULL)
DELETE FROM BRAND WHERE ID=1
INSERT INTO BRAND VALUES(1,'Huawei')
COMMIT
/*C94*/SET SCHEMA PUBLIC
DISCONNECT
/*C93*/DISCONNECT
/*C95*/SET SCHEMA PUBLIC
DISCONNECT
/*C96*/SET SCHEMA PUBLIC
DISCONNECT
/*C97*/SET SCHEMA PUBLIC
DISCONNECT
/*C101*/SET SCHEMA PUBLIC
DISCONNECT
/*C99*/SET SCHEMA PUBLIC
DISCONNECT
/*C98*/SET SCHEMA PUBLIC
DISCONNECT
/*C100*/SET SCHEMA PUBLIC
DISCONNECT
/*C102*/SET SCHEMA PUBLIC
DISCONNECT
/*C103*/SET SCHEMA PUBLIC
\u000d\u000a    drop table if exists brand CASCADE 
\u000d\u000a    drop table if exists imei CASCADE 
\u000d\u000a    drop table if exists smartphone CASCADE 
\u000d\u000a    drop table if exists users CASCADE 
\u000d\u000a    drop table if exists users_smartphones CASCADE 
\u000d\u000a    create table brand (\u000d\u000a       id bigint generated by default as identity (start with 1),\u000d\u000a        name varchar(255),\u000d\u000a        primary key (id)\u000d\u000a    )
\u000d\u000a    create table imei (\u000d\u000a       id integer generated by default as identity (start with 1),\u000d\u000a        imei varchar(255),\u000d\u000a        primary key (id)\u000d\u000a    )
\u000d\u000a    create table smartphone (\u000d\u000a       iid bigint generated by default as identity (start with 1),\u000d\u000a        ram integer not null,\u000d\u000a        id varchar(255),\u000d\u000a        model varchar(255),\u000d\u000a        storage integer not null,\u000d\u000a        brand_id bigint,\u000d\u000a        imei_id integer,\u000d\u000a        primary key (iid)\u000d\u000a    )
\u000d\u000a    create table users (\u000d\u000a       id integer generated by default as identity (start with 1),\u000d\u000a        name varchar(255),\u000d\u000a        primary key (id)\u000d\u000a    )
\u000d\u000a    create table users_smartphones (\u000d\u000a       users_id integer not null,\u000d\u000a        smartphones_iid bigint not null\u000d\u000a    )
\u000d\u000a    alter table smartphone \u000d\u000a       add constraint FK5ryjgowlh1ionbv8rinbals2n \u000d\u000a       foreign key (brand_id) \u000d\u000a       references brand
\u000d\u000a    alter table smartphone \u000d\u000a       add constraint FK34op8kl3hcvwmd1qclll98m8t \u000d\u000a       foreign key (imei_id) \u000d\u000a       references imei
\u000d\u000a    alter table users_smartphones \u000d\u000a       add constraint FK40vnj2b71mkmq2m83wdnsyn22 \u000d\u000a       foreign key (smartphones_iid) \u000d\u000a       references smartphone
\u000d\u000a    alter table users_smartphones \u000d\u000a       add constraint FKpck0bb9v00ohnwjwo6i5qo3up \u000d\u000a       foreign key (users_id) \u000d\u000a       references users
DISCONNECT
/*C104*/SET SCHEMA PUBLIC
DISCONNECT
/*C105*/SET SCHEMA PUBLIC
DISCONNECT
/*C106*/SET SCHEMA PUBLIC
DISCONNECT
/*C107*/SET SCHEMA PUBLIC
DISCONNECT
/*C108*/SET SCHEMA PUBLIC
DISCONNECT
/*C109*/SET SCHEMA PUBLIC
DISCONNECT
/*C110*/SET SCHEMA PUBLIC
DISCONNECT
/*C111*/SET SCHEMA PUBLIC
DISCONNECT
/*C112*/SET SCHEMA PUBLIC
DISCONNECT
/*C113*/SET SCHEMA PUBLIC
\u000d\u000a    drop table if exists brand CASCADE 
\u000d\u000a    drop table if exists imei CASCADE 
\u000d\u000a    drop table if exists smartphone CASCADE 
\u000d\u000a    drop table if exists users CASCADE 
\u000d\u000a    drop table if exists users_smartphones CASCADE 
\u000d\u000a    create table brand (\u000d\u000a       id bigint generated by default as identity (start with 1),\u000d\u000a        name varchar(255),\u000d\u000a        primary key (id)\u000d\u000a    )
\u000d\u000a    create table imei (\u000d\u000a       id integer generated by default as identity (start with 1),\u000d\u000a        imei varchar(255),\u000d\u000a        primary key (id)\u000d\u000a    )
\u000d\u000a    create table smartphone (\u000d\u000a       iid bigint generated by default as identity (start with 1),\u000d\u000a        ram integer not null,\u000d\u000a        id varchar(255),\u000d\u000a        model varchar(255),\u000d\u000a        storage integer not null,\u000d\u000a        brand_id bigint,\u000d\u000a        imei_id integer,\u000d\u000a        primary key (iid)\u000d\u000a    )
\u000d\u000a    create table users (\u000d\u000a       id integer generated by default as identity (start with 1),\u000d\u000a        name varchar(255),\u000d\u000a        primary key (id)\u000d\u000a    )
\u000d\u000a    create table users_smartphones (\u000d\u000a       users_id integer not null,\u000d\u000a        smartphones_iid bigint not null\u000d\u000a    )
\u000d\u000a    alter table smartphone \u000d\u000a       add constraint FK5ryjgowlh1ionbv8rinbals2n \u000d\u000a       foreign key (brand_id) \u000d\u000a       references brand
\u000d\u000a    alter table smartphone \u000d\u000a       add constraint FK34op8kl3hcvwmd1qclll98m8t \u000d\u000a       foreign key (imei_id) \u000d\u000a       references imei
\u000d\u000a    alter table users_smartphones \u000d\u000a       add constraint FK40vnj2b71mkmq2m83wdnsyn22 \u000d\u000a       foreign key (smartphones_iid) \u000d\u000a       references smartphone
\u000d\u000a    alter table users_smartphones \u000d\u000a       add constraint FKpck0bb9v00ohnwjwo6i5qo3up \u000d\u000a       foreign key (users_id) \u000d\u000a       references users
INSERT INTO BRAND VALUES(1,NULL)
INSERT INTO SMARTPHONE VALUES(1,9,'9fa0aa38-9be3-4121-80cb-3b8152d485a7','fdsa',143,1,NULL)
INSERT INTO SMARTPHONE VALUES(2,1,'7e175648-3ee1-4ebc-88fc-f048fd3a7aa3','fdsa',143,1,NULL)
INSERT INTO SMARTPHONE VALUES(3,43,'d70f25ea-5bc7-46dd-982e-e01a108972e7','asdf',135,1,NULL)
INSERT INTO SMARTPHONE VALUES(4,43,'8c06a0a2-42b3-42ff-8e3b-28386a2c1523','fdsa',135,1,NULL)
DELETE FROM BRAND WHERE ID=1
INSERT INTO BRAND VALUES(1,'Huawei')
COMMIT
/*C117*/SET SCHEMA PUBLIC
DISCONNECT
/*C113*/DISCONNECT
/*C120*/SET SCHEMA PUBLIC
DISCONNECT
/*C115*/SET SCHEMA PUBLIC
DISCONNECT
/*C119*/SET SCHEMA PUBLIC
DISCONNECT
/*C114*/SET SCHEMA PUBLIC
DISCONNECT
/*C121*/SET SCHEMA PUBLIC
DISCONNECT
/*C122*/SET SCHEMA PUBLIC
DISCONNECT
/*C116*/SET SCHEMA PUBLIC
DISCONNECT
/*C118*/SET SCHEMA PUBLIC
DISCONNECT
/*C2*/SET SCHEMA PUBLIC
DISCONNECT
